<?xml version="1.0" encoding="UTF-8"?>
<!-- Generated by org.testng.reporters.JUnitReportReporter -->
<testsuite hostname="vinz" failures="0" tests="1" name="org.learning.com.ExecutionOrder" time="0.000" errors="0" timestamp="2021-11-05T20:41:48 MDT" skipped="0">
  <testcase classname="org.learning.com.ExecutionOrder" name="myTest" time="0.000"/>
  <system-out/>
</testsuite> <!-- org.learning.com.ExecutionOrder -->
