<?xml version="1.0" encoding="UTF-8"?>
<!-- Generated by org.testng.reporters.JUnitReportReporter -->
<testsuite hostname="vinz" failures="0" tests="1" name="org.learning.com.Problem2" time="62.588" errors="0" timestamp="2021-11-05T20:41:48 MDT" skipped="0">
  <testcase classname="org.learning.com.Problem2" name="test" time="62.588"/>
  <system-out>
    <![CDATA[Browser launched
Browser Maximized
Number of products :40
product prices Matched
I am HAPPY]]>
  </system-out>
</testsuite> <!-- org.learning.com.Problem2 -->
