<?xml version="1.0" encoding="UTF-8"?>
<!-- Generated by org.testng.reporters.JUnitReportReporter -->
<testsuite hostname="vinz" failures="0" tests="1" name="org.learningselenium.com.Facebook" time="5.622" errors="0" timestamp="2021-11-29T19:45:15 MST" skipped="0">
  <testcase classname="org.learningselenium.com.Facebook" name="faceBook" time="5.622"/>
  <system-out/>
</testsuite> <!-- org.learningselenium.com.Facebook -->
